[    0.000000] Linux version 4.15.0-173-generic (buildd@lcy02-amd64-094) (gcc version 7.5.0 (Ubuntu 7.5.0-3ubuntu1~18.04)) #182-Ubuntu SMP Fri Mar 18 15:53:46 UTC 2022 (Ubuntu 4.15.0-173.182-generic 4.15.18)
[    0.000000] Command line: BOOT_IMAGE=/boot/vmlinuz-4.15.0-173-generic root=LABEL=cloudimg-rootfs ro console=tty1 console=ttyS0
[    0.000000] KERNEL supported cpus:
[    0.000000]   Intel GenuineIntel
[    0.000000]   AMD AuthenticAMD
[    0.000000]   Centaur CentaurHauls
[    0.000000] x86/fpu: Supporting XSAVE feature 0x001: 'x87 floating point registers'
[    0.000000] x86/fpu: Supporting XSAVE feature 0x002: 'SSE registers'
[    0.000000] x86/fpu: Supporting XSAVE feature 0x004: 'AVX registers'
[    0.000000] x86/fpu: xstate_offset[2]:  576, xstate_sizes[2]:  256
[    0.000000] x86/fpu: Enabled xstate features 0x7, context size is 832 bytes, using 'standard' format.
[    0.000000] e820: BIOS-provided physical RAM map:
[    0.000000] BIOS-e820: [mem 0x0000000000000000-0x000000000009fbff] usable
[    0.000000] BIOS-e820: [mem 0x000000000009fc00-0x000000000009ffff] reserved
[    0.000000] BIOS-e820: [mem 0x00000000000f0000-0x00000000000fffff] reserved
[    0.000000] BIOS-e820: [mem 0x0000000000100000-0x000000003ffeffff] usable
[    0.000000] BIOS-e820: [mem 0x000000003fff0000-0x000000003fffffff] ACPI data
[    0.000000] BIOS-e820: [mem 0x00000000fec00000-0x00000000fec00fff] reserved
[    0.000000] BIOS-e820: [mem 0x00000000fee00000-0x00000000fee00fff] reserved
[    0.000000] BIOS-e820: [mem 0x00000000fffc0000-0x00000000ffffffff] reserved
[    0.000000] NX (Execute Disable) protection: active
[    0.000000] SMBIOS 2.5 present.
[    0.000000] DMI: innotek GmbH VirtualBox/VirtualBox, BIOS VirtualBox 12/01/2006
[    0.000000] Hypervisor detected: KVM
[    0.000000] e820: last_pfn = 0x3fff0 max_arch_pfn = 0x400000000
[    0.000000] MTRR: Disabled
[    0.000000] x86/PAT: MTRRs disabled, skipping PAT initialization too.
[    0.000000] CPU MTRRs all blank - virtualized system.
[    0.000000] x86/PAT: Configuration [0-7]: WB  WT  UC- UC  WB  WT  UC- UC  
[    0.000000] found SMP MP-table at [mem 0x0009fff0-0x0009ffff]
[    0.000000] Scanning 1 areas for low memory corruption
[    0.000000] RAMDISK: [mem 0x359cb000-0x36cdcfff]
[    0.000000] ACPI: Early table checksum verification disabled
[    0.000000] ACPI: RSDP 0x00000000000E0000 000024 (v02 VBOX  )
[    0.000000] ACPI: XSDT 0x000000003FFF0030 00003C (v01 VBOX   VBOXXSDT 00000001 ASL  00000061)
[    0.000000] ACPI: FACP 0x000000003FFF00F0 0000F4 (v04 VBOX   VBOXFACP 00000001 ASL  00000061)
[    0.000000] ACPI: DSDT 0x000000003FFF0470 002325 (v02 VBOX   VBOXBIOS 00000002 INTL 20120111)
[    0.000000] ACPI: FACS 0x000000003FFF0200 000040
[    0.000000] ACPI: FACS 0x000000003FFF0200 000040
[    0.000000] ACPI: APIC 0x000000003FFF0240 00005C (v02 VBOX   VBOXAPIC 00000001 ASL  00000061)
[    0.000000] ACPI: SSDT 0x000000003FFF02A0 0001CC (v01 VBOX   VBOXCPUT 00000002 INTL 20120111)
[    0.000000] ACPI: Reserving FACP table memory at [mem 0x3fff00f0-0x3fff01e3]
[    0.000000] ACPI: Reserving DSDT table memory at [mem 0x3fff0470-0x3fff2794]
[    0.000000] ACPI: Reserving FACS table memory at [mem 0x3fff0200-0x3fff023f]
[    0.000000] ACPI: Reserving FACS table memory at [mem 0x3fff0200-0x3fff023f]
[    0.000000] ACPI: Reserving APIC table memory at [mem 0x3fff0240-0x3fff029b]
[    0.000000] ACPI: Reserving SSDT table memory at [mem 0x3fff02a0-0x3fff046b]
[    0.000000] No NUMA configuration found
[    0.000000] Faking a node at [mem 0x0000000000000000-0x000000003ffeffff]
[    0.000000] NODE_DATA(0) allocated [mem 0x3ffc5000-0x3ffeffff]
[    0.000000] kvm-clock: cpu 0, msr 0:3ff44001, primary cpu clock
[    0.000000] kvm-clock: Using msrs 4b564d01 and 4b564d00
[    0.000000] kvm-clock: using sched offset of 4424548197 cycles
[    0.000000] clocksource: kvm-clock: mask: 0xffffffffffffffff max_cycles: 0x1cd42e4dffb, max_idle_ns: 881590591483 ns
[    0.000000] Zone ranges:
[    0.000000]   DMA      [mem 0x0000000000001000-0x0000000000ffffff]
[    0.000000]   DMA32    [mem 0x0000000001000000-0x000000003ffeffff]
[    0.000000]   Normal   empty
[    0.000000]   Device   empty
[    0.000000] Movable zone start for each node
[    0.000000] Early memory node ranges
[    0.000000]   node   0: [mem 0x0000000000001000-0x000000000009efff]
[    0.000000]   node   0: [mem 0x0000000000100000-0x000000003ffeffff]
[    0.000000] Reserved but unavailable: 104 pages
[    0.000000] Initmem setup node 0 [mem 0x0000000000001000-0x000000003ffeffff]
[    0.000000] ACPI: PM-Timer IO Port: 0x4008
[    0.000000] IOAPIC[0]: apic_id 2, version 32, address 0xfec00000, GSI 0-23
[    0.000000] ACPI: INT_SRC_OVR (bus 0 bus_irq 0 global_irq 2 dfl dfl)
[    0.000000] ACPI: INT_SRC_OVR (bus 0 bus_irq 9 global_irq 9 low level)
[    0.000000] Using ACPI (MADT) for SMP configuration information
[    0.000000] smpboot: Allowing 2 CPUs, 0 hotplug CPUs
[    0.000000] PM: Registered nosave memory: [mem 0x00000000-0x00000fff]
[    0.000000] PM: Registered nosave memory: [mem 0x0009f000-0x0009ffff]
[    0.000000] PM: Registered nosave memory: [mem 0x000a0000-0x000effff]
[    0.000000] PM: Registered nosave memory: [mem 0x000f0000-0x000fffff]
[    0.000000] e820: [mem 0x40000000-0xfebfffff] available for PCI devices
[    0.000000] Booting paravirtualized kernel on KVM
[    0.000000] clocksource: refined-jiffies: mask: 0xffffffff max_cycles: 0xffffffff, max_idle_ns: 7645519600211568 ns
[    0.000000] random: get_random_bytes called from start_kernel+0x99/0x500 with crng_init=0
[    0.000000] setup_percpu: NR_CPUS:8192 nr_cpumask_bits:2 nr_cpu_ids:2 nr_node_ids:1
[    0.000000] percpu: Embedded 50 pages/cpu s167936 r8192 d28672 u1048576
[    0.000000] PV qspinlock hash table entries: 256 (order: 0, 4096 bytes)
[    0.000000] Built 1 zonelists, mobility grouping on.  Total pages: 257913
[    0.000000] Policy zone: DMA32
[    0.000000] Kernel command line: BOOT_IMAGE=/boot/vmlinuz-4.15.0-173-generic root=LABEL=cloudimg-rootfs ro console=tty1 console=ttyS0
[    0.000000] Memory: 982648K/1048120K available (12300K kernel code, 2484K rwdata, 4324K rodata, 2468K init, 2724K bss, 65472K reserved, 0K cma-reserved)
[    0.000000] SLUB: HWalign=64, Order=0-3, MinObjects=0, CPUs=2, Nodes=1
[    0.000000] Kernel/User page tables isolation: enabled
[    0.000000] ftrace: allocating 39503 entries in 155 pages
[    0.004000] Hierarchical RCU implementation.
[    0.004000] 	RCU restricting CPUs from NR_CPUS=8192 to nr_cpu_ids=2.
[    0.004000] 	Tasks RCU enabled.
[    0.004000] RCU: Adjusting geometry for rcu_fanout_leaf=16, nr_cpu_ids=2
[    0.004000] NR_IRQS: 524544, nr_irqs: 440, preallocated irqs: 16
[    0.004000] Console: colour VGA+ 80x25
[    0.004000] console [tty1] enabled
[    0.004000] console [ttyS0] enabled
[    0.004000] ACPI: Core revision 20170831
[    0.004000] ACPI: 2 ACPI AML tables successfully acquired and loaded
[    0.004000] APIC: Switch to symmetric I/O mode setup
[    0.004000] x2apic enabled
[    0.004000] Switched APIC routing to physical x2apic.
[    0.004000] ..TIMER: vector=0x30 apic1=0 pin1=2 apic2=-1 pin2=-1
[    0.004005] tsc: Detected 2591.998 MHz processor
[    0.008013] Calibrating delay loop (skipped) preset value.. 5183.99 BogoMIPS (lpj=10367992)
[    0.010304] pid_max: default: 32768 minimum: 301
[    0.012041] Security Framework initialized
[    0.013202] Yama: becoming mindful.
[    0.014297] AppArmor: AppArmor initialized
[    0.017483] Dentry cache hash table entries: 131072 (order: 8, 1048576 bytes)
[    0.019490] Inode-cache hash table entries: 65536 (order: 7, 524288 bytes)
[    0.020013] Mount-cache hash table entries: 2048 (order: 2, 16384 bytes)
[    0.022057] Mountpoint-cache hash table entries: 2048 (order: 2, 16384 bytes)
[    0.024308] Last level iTLB entries: 4KB 64, 2MB 8, 4MB 8
[    0.025921] Last level dTLB entries: 4KB 64, 2MB 0, 4MB 0, 1GB 4
[    0.028005] Spectre V1 : Mitigation: usercopy/swapgs barriers and __user pointer sanitization
[    0.032003] Spectre V2 : Mitigation: Retpolines
[    0.033268] Spectre V2 : Spectre v2 / SpectreRSB mitigation: Filling RSB on context switch
[    0.035566] Speculative Store Bypass: Vulnerable
[    0.036055] SRBDS: Unknown: Dependent on hypervisor status
[    0.037642] MDS: Mitigation: Clear CPU buffers
[    0.039063] Freeing SMP alternatives memory: 36K
[    0.152323] smpboot: CPU0: Intel(R) Core(TM) i7-9750H CPU @ 2.60GHz (family: 0x6, model: 0x9e, stepping: 0xa)
[    0.155456] Performance Events: unsupported p6 CPU model 158 no PMU driver, software events only.
[    0.156042] Hierarchical SRCU implementation.
[    0.158101] NMI watchdog: Perf event create on CPU 0 failed with -2
[    0.160002] NMI watchdog: Perf NMI watchdog permanently disabled
[    0.161683] smp: Bringing up secondary CPUs ...
[    0.164098] x86: Booting SMP configuration:
[    0.165598] .... node  #0, CPUs:      #1
[    0.004000] kvm-clock: cpu 1, msr 0:3ff44041, secondary cpu clock
[    0.170735] smp: Brought up 1 node, 2 CPUs
[    0.170735] smpboot: Max logical packages: 1
[    0.172006] smpboot: Total of 2 processors activated (10367.99 BogoMIPS)
[    0.174036] devtmpfs: initialized
[    0.176056] x86/mm: Memory block size: 128MB
[    0.177459] evm: security.selinux
[    0.178690] evm: security.SMACK64
[    0.180003] evm: security.SMACK64EXEC
[    0.181364] evm: security.SMACK64TRANSMUTE
[    0.182669] evm: security.SMACK64MMAP
[    0.184003] evm: security.apparmor
[    0.184993] evm: security.ima
[    0.185884] evm: security.capability
[    0.187013] clocksource: jiffies: mask: 0xffffffff max_cycles: 0xffffffff, max_idle_ns: 7645041785100000 ns
[    0.188014] futex hash table entries: 512 (order: 3, 32768 bytes)
[    0.189770] pinctrl core: initialized pinctrl subsystem
[    0.193494] RTC time: 13:01:17, date: 04/05/22
[    0.196179] NET: Registered protocol family 16
[    0.197812] audit: initializing netlink subsys (disabled)
[    0.199503] audit: type=2000 audit(1649163684.111:1): state=initialized audit_enabled=0 res=1
[    0.200012] cpuidle: using governor ladder
[    0.201451] cpuidle: using governor menu
[    0.204049] ACPI: bus type PCI registered
[    0.205200] acpiphp: ACPI Hot Plug PCI Controller Driver version: 0.5
[    0.208147] PCI: Using configuration type 1 for base access
[    0.209900] HugeTLB registered 2.00 MiB page size, pre-allocated 0 pages
[    0.212078] ACPI: Added _OSI(Module Device)
[    0.213300] ACPI: Added _OSI(Processor Device)
[    0.216004] ACPI: Added _OSI(3.0 _SCP Extensions)
[    0.217313] ACPI: Added _OSI(Processor Aggregator Device)
[    0.218844] ACPI: Added _OSI(Linux-Dell-Video)
[    0.220012] ACPI: Added _OSI(Linux-Lenovo-NV-HDMI-Audio)
[    0.221477] ACPI: Added _OSI(Linux-HPI-Hybrid-Graphics)
[    0.224134] ACPI: Executed 1 blocks of module-level executable AML code
[    0.229696] ACPI: Interpreter enabled
[    0.230962] ACPI: (supports S0 S5)
[    0.232004] ACPI: Using IOAPIC for interrupt routing
[    0.233642] PCI: Using host bridge windows from ACPI; if necessary, use "pci=nocrs" and report a bug
[    0.236256] ACPI: Enabled 2 GPEs in block 00 to 07
[    0.246691] ACPI: PCI Root Bridge [PCI0] (domain 0000 [bus 00-ff])
[    0.248011] acpi PNP0A03:00: _OSC: OS supports [ASPM ClockPM Segments MSI]
[    0.250890] acpi PNP0A03:00: _OSC: not requesting OS control; OS requires [ExtendedConfig ASPM ClockPM MSI]
[    0.252015] acpi PNP0A03:00: fail to add MMCONFIG information, can't access extended PCI configuration space under this bridge.
[    0.256673] PCI host bridge to bus 0000:00
[    0.258095] pci_bus 0000:00: root bus resource [io  0x0000-0x0cf7 window]
[    0.260004] pci_bus 0000:00: root bus resource [io  0x0d00-0xffff window]
[    0.264005] pci_bus 0000:00: root bus resource [mem 0x000a0000-0x000bffff window]
[    0.267088] pci_bus 0000:00: root bus resource [mem 0x40000000-0xfdffffff window]
[    0.268005] pci_bus 0000:00: root bus resource [bus 00-ff]
[    0.275055] pci 0000:00:01.1: legacy IDE quirk: reg 0x10: [io  0x01f0-0x01f7]
[    0.276003] pci 0000:00:01.1: legacy IDE quirk: reg 0x14: [io  0x03f6]
[    0.277865] pci 0000:00:01.1: legacy IDE quirk: reg 0x18: [io  0x0170-0x0177]
[    0.280003] pci 0000:00:01.1: legacy IDE quirk: reg 0x1c: [io  0x0376]
[    0.299519] pci 0000:00:07.0: quirk: [io  0x4000-0x403f] claimed by PIIX4 ACPI
[    0.300031] pci 0000:00:07.0: quirk: [io  0x4100-0x410f] claimed by PIIX4 SMB
[    0.310413] ACPI: PCI Interrupt Link [LNKA] (IRQs 5 9 10 *11)
[    0.312529] ACPI: PCI Interrupt Link [LNKB] (IRQs 5 9 *10 11)
[    0.314851] ACPI: PCI Interrupt Link [LNKC] (IRQs 5 *9 10 11)
[    0.316171] ACPI: PCI Interrupt Link [LNKD] (IRQs 5 9 10 *11)
[    0.318237] SCSI subsystem initialized
[    0.320054] pci 0000:00:02.0: vgaarb: setting as boot VGA device
[    0.321699] pci 0000:00:02.0: vgaarb: VGA device added: decodes=io+mem,owns=io+mem,locks=none
[    0.324006] pci 0000:00:02.0: vgaarb: bridge control possible
[    0.326168] vgaarb: loaded
[    0.328034] ACPI: bus type USB registered
[    0.329205] usbcore: registered new interface driver usbfs
[    0.330817] usbcore: registered new interface driver hub
[    0.332019] usbcore: registered new device driver usb
[    0.333609] EDAC MC: Ver: 3.0.0
[    0.336356] PCI: Using ACPI for IRQ routing
[    0.337919] NetLabel: Initializing
[    0.338965] NetLabel:  domain hash size = 128
[    0.340004] NetLabel:  protocols = UNLABELED CIPSOv4 CALIPSO
[    0.341593] NetLabel:  unlabeled traffic allowed by default
[    0.344081] clocksource: Switched to clocksource kvm-clock
[    0.360127] VFS: Disk quotas dquot_6.6.0
[    0.361572] VFS: Dquot-cache hash table entries: 512 (order 0, 4096 bytes)
[    0.364081] AppArmor: AppArmor Filesystem Enabled
[    0.365483] pnp: PnP ACPI init
[    0.368138] pnp: PnP ACPI: found 3 devices
[    0.377703] clocksource: acpi_pm: mask: 0xffffff max_cycles: 0xffffff, max_idle_ns: 2085701024 ns
[    0.380969] NET: Registered protocol family 2
[    0.382850] IP idents hash table entries: 16384 (order: 5, 131072 bytes)
[    0.386427] TCP established hash table entries: 8192 (order: 4, 65536 bytes)
[    0.388465] TCP bind hash table entries: 8192 (order: 5, 131072 bytes)
[    0.390548] TCP: Hash tables configured (established 8192 bind 8192)
[    0.392350] UDP hash table entries: 512 (order: 2, 16384 bytes)
[    0.394046] UDP-Lite hash table entries: 512 (order: 2, 16384 bytes)
[    0.396171] NET: Registered protocol family 1
[    0.397665] pci 0000:00:00.0: Limiting direct PCI/PCI transfers
[    0.399710] pci 0000:00:01.0: Activating ISA DMA hang workarounds
[    0.401517] pci 0000:00:02.0: Video device with shadowed ROM at [mem 0x000c0000-0x000dffff]
[    0.404020] Unpacking initramfs...
[    0.792207] Freeing initrd memory: 19528K
[    0.793578] clocksource: tsc: mask: 0xffffffffffffffff max_cycles: 0x255cb518234, max_idle_ns: 440795279333 ns
[    0.797051] platform rtc_cmos: registered platform RTC device (no PNP device found)
[    0.799234] Scanning for low memory corruption every 60 seconds
[    0.801627] Initialise system trusted keyrings
[    0.803082] Key type blacklist registered
[    0.804537] workingset: timestamp_bits=36 max_order=18 bucket_order=0
[    0.807775] zbud: loaded
[    0.809286] squashfs: version 4.0 (2009/01/31) Phillip Lougher
[    0.811242] fuse init (API version 7.26)
[    0.815579] Key type asymmetric registered
[    0.817365] Asymmetric key parser 'x509' registered
[    0.819017] Block layer SCSI generic (bsg) driver version 0.4 loaded (major 246)
[    0.822041] io scheduler noop registered
[    0.823417] io scheduler deadline registered
[    0.825217] io scheduler cfq registered (default)
[    0.827438] ACPI: AC Adapter [AC] (on-line)
[    0.828809] input: Power Button as /devices/LNXSYSTM:00/LNXPWRBN:00/input/input0
[    0.831095] ACPI: Power Button [PWRF]
[    0.832352] input: Sleep Button as /devices/LNXSYSTM:00/LNXSLPBN:00/input/input1
[    0.834636] ACPI: Sleep Button [SLPF]
[    0.838377] ACPI: Battery Slot [BAT0] (battery present)
[    0.840375] Serial: 8250/16550 driver, 32 ports, IRQ sharing enabled
[    0.863723] 00:02: ttyS0 at I/O 0x3f8 (irq = 4, base_baud = 115200) is a 16550A
[    0.868981] Linux agpgart interface v0.103
[    0.872109] loop: module loaded
[    0.874315] scsi host0: ata_piix
[    0.876113] scsi host1: ata_piix
[    0.877222] ata1: PATA max UDMA/33 cmd 0x1f0 ctl 0x3f6 bmdma 0xd000 irq 14
[    0.879281] ata2: PATA max UDMA/33 cmd 0x170 ctl 0x376 bmdma 0xd008 irq 15
[    0.881766] tun: Universal TUN/TAP device driver, 1.6
[    0.883679] PPP generic driver version 2.4.2
[    0.885229] ehci_hcd: USB 2.0 'Enhanced' Host Controller (EHCI) Driver
[    0.887492] ehci-pci: EHCI PCI platform driver
[    0.889324] ehci-platform: EHCI generic platform driver
[    0.891293] ohci_hcd: USB 1.1 'Open' Host Controller (OHCI) Driver
[    0.893525] ohci-pci: OHCI PCI platform driver
[    0.895031] ohci-platform: OHCI generic platform driver
[    0.896986] uhci_hcd: USB Universal Host Controller Interface driver
[    0.899061] i8042: PNP: PS/2 Controller [PNP0303:PS2K,PNP0f03:PS2M] at 0x60,0x64 irq 1,12
[    0.902638] serio: i8042 KBD port at 0x60,0x64 irq 1
[    0.905327] serio: i8042 AUX port at 0x60,0x64 irq 12
[    0.908644] mousedev: PS/2 mouse device common for all mice
[    0.912575] input: AT Translated Set 2 keyboard as /devices/platform/i8042/serio0/input/input2
[    0.918768] rtc_cmos rtc_cmos: rtc core: registered rtc_cmos as rtc0
[    0.922683] rtc_cmos rtc_cmos: alarms up to one day, 114 bytes nvram
[    0.925802] i2c /dev entries driver
[    0.927268] device-mapper: uevent: version 1.0.3
[    0.929371] device-mapper: ioctl: 4.37.0-ioctl (2017-09-20) initialised: dm-devel@redhat.com
[    0.932589] ledtrig-cpu: registered to indicate activity on CPUs
[    0.934998] NET: Registered protocol family 10
[    0.941546] Segment Routing with IPv6
[    0.942838] NET: Registered protocol family 17
[    0.944323] Key type dns_resolver registered
[    0.945988] mce: Using 0 MCE banks
[    0.947312] RAS: Correctable Errors collector initialized.
[    0.948985] sched_clock: Marking stable (948957095, 0)->(1175962738, -227005643)
[    0.951502] registered taskstats version 1
[    0.953127] Loading compiled-in X.509 certificates
[    0.957945] Loaded X.509 cert 'Build time autogenerated kernel key: 70c562671a3916277fe5fdc18b24b613b7a6fbd0'
[    0.961677] Loaded X.509 cert 'Canonical Ltd. Live Patch Signing: 14df34d1a87cf37625abec039ef2bf521249b969'
[    0.965215] Loaded X.509 cert 'Canonical Ltd. Kernel Module Signing: 88f752e560a1e0737e31163a466ad7b70a850c19'
[    0.967993] blacklist: Loading compiled-in revocation X.509 certificates
[    0.970602] Loaded X.509 cert 'Canonical Ltd. Secure Boot Signing: 61482aa2830d0ab2ad5af10b7250da9033ddcef0'
[    0.973893] zswap: loaded using pool lzo/zbud
[    0.980173] Key type big_key registered
[    0.998330] Key type trusted registered
[    1.001354] Key type encrypted registered
[    1.002560] AppArmor: AppArmor sha1 policy hashing enabled
[    1.004195] ima: No TPM chip found, activating TPM-bypass! (rc=-19)
[    1.006300] ima: Allocated hash algorithm: sha1
[    1.007762] evm: HMAC attrs: 0x1
[    1.009391]   Magic number: 2:701:27
[    1.010608] rtc_cmos rtc_cmos: setting system clock to 2022-04-05 13:01:18 UTC (1649163678)
[    1.013147] BIOS EDD facility v0.16 2004-Jun-25, 0 devices found
[    1.014996] EDD information not available.
[    1.067930] Freeing unused kernel image memory: 2468K
[    1.084319] Write protecting the kernel read-only data: 20480k
[    1.086910] Freeing unused kernel image memory: 2008K
[    1.088780] Freeing unused kernel image memory: 1820K
[    1.098322] x86/mm: Checked W+X mappings: passed, no W+X pages found.
[    1.100215] x86/mm: Checking user space page tables
[    1.109811] x86/mm: Checked W+X mappings: passed, no W+X pages found.
Loading, please wait...
starting version 237
[    1.189491] e1000: Intel(R) PRO/1000 Network Driver - version 7.3.21-k8-NAPI
[    1.191651] e1000: Copyright (c) 1999-2006 Intel Corporation.
[    1.218524] Fusion MPT base driver 3.04.20
[    1.220251] Copyright (c) 1999-2008 LSI Corporation
[    1.225744] AVX2 version of gcm_enc/dec engaged.
[    1.227201] AES CTR mode by8 optimization enabled
[    1.253487] Fusion MPT SPI Host driver 3.04.20
[    1.405706] input: ImExPS/2 Generic Explorer Mouse as /devices/platform/i8042/serio1/input/input4
[    1.670959] e1000 0000:00:03.0 eth0: (PCI:33MHz:32-bit) 02:27:94:89:a7:22
[    1.673461] e1000 0000:00:03.0 eth0: Intel(R) PRO/1000 Network Connection
[    1.676967] mptbase: ioc0: Initiating bringup
[    1.679235] e1000 0000:00:03.0 enp0s3: renamed from eth0
[    1.773088] ioc0: LSI53C1030 A0: Capabilities={Initiator}
[    2.015365] scsi host2: ioc0: LSI53C1030 A0, FwRev=00000000h, Ports=1, MaxQ=256, IRQ=20
[    2.185630] scsi 2:0:0:0: Direct-Access     VBOX     HARDDISK         1.0  PQ: 0 ANSI: 5
[    2.224103] scsi target2:0:0: Beginning Domain Validation
[    2.228516] scsi target2:0:0: Domain Validation skipping write tests
[    2.230372] scsi target2:0:0: Ending Domain Validation
[    2.232161] scsi target2:0:0: asynchronous
[    2.234064] scsi 2:0:1:0: Direct-Access     VBOX     HARDDISK         1.0  PQ: 0 ANSI: 5
[    2.264398] scsi target2:0:1: Beginning Domain Validation
[    2.267905] random: fast init done
[    2.269425] scsi target2:0:1: Domain Validation skipping write tests
[    2.271166] scsi target2:0:1: Ending Domain Validation
[    2.272698] scsi target2:0:1: asynchronous
[    2.278504] random: systemd-udevd: uninitialized urandom read (16 bytes read)
[    2.281030] random: systemd-udevd: uninitialized urandom read (16 bytes read)
[    2.281064] sd 2:0:0:0: Attached scsi generic sg0 type 0
[    2.283939] random: systemd-udevd: uninitialized urandom read (16 bytes read)
[    2.287706] sd 2:0:0:0: [sda] 83886080 512-byte logical blocks: (42.9 GB/40.0 GiB)
[    2.289976] sd 2:0:1:0: Attached scsi generic sg1 type 0
[    2.290038] sd 2:0:0:0: [sda] Write Protect is off
[    2.293043] sd 2:0:1:0: [sdb] 20480 512-byte logical blocks: (10.5 MB/10.0 MiB)
[    2.293120] sd 2:0:0:0: [sda] Incomplete mode parameter data
[    2.297549] sd 2:0:0:0: [sda] Assuming drive cache: write through
[    2.297601] sd 2:0:1:0: [sdb] Write Protect is off
[    2.300763]  sda: sda1
[    2.302371] sd 2:0:1:0: [sdb] Incomplete mode parameter data
[    2.302763] sd 2:0:0:0: [sda] Attached SCSI disk
[    2.304149] sd 2:0:1:0: [sdb] Assuming drive cache: write through
[    2.309751] sd 2:0:1:0: [sdb] Attached SCSI disk
Begin: Loading essential drivers ... [    3.816120] raid6: sse2x1   gen()  8761 MB/s
[    3.864141] raid6: sse2x1   xor()  5438 MB/s
[    3.916194] raid6: sse2x2   gen()  9868 MB/s
[    3.964122] raid6: sse2x2   xor()  7182 MB/s
[    4.012154] raid6: sse2x4   gen() 10814 MB/s
[    4.060098] raid6: sse2x4   xor()  7534 MB/s
[    4.108091] raid6: avx2x1   gen() 16564 MB/s
[    4.156135] raid6: avx2x1   xor() 11995 MB/s
[    4.204095] raid6: avx2x2   gen() 19686 MB/s
[    4.252158] raid6: avx2x2   xor() 12828 MB/s
[    4.300104] raid6: avx2x4   gen() 22770 MB/s
[    4.348195] raid6: avx2x4   xor() 13719 MB/s
[    4.350091] raid6: using algorithm avx2x4 gen() 22770 MB/s
[    4.351616] raid6: .... xor() 13719 MB/s, rmw enabled
[    4.353407] raid6: using avx2x2 recovery algorithm
[    4.356182] xor: automatically using best checksumming function   avx       
[    4.359524] async_tx: api initialized (async)
done.
Begin: Running /scripts/init-premount ... done.
Begin: Mounting root file system ... Begin: Running /scripts/local-top ... done.
Begin: Running /scripts/local-premount ... [    4.416660] Btrfs loaded, crc32c=crc32c-intel
Scanning for Btrfs filesystems
done.
Warning: fsck not present, so skipping root file system
[    4.447907] EXT4-fs (sda1): mounted filesystem with ordered data mode. Opts: (null)
done.
Begin: Running /scripts/local-bottom ... done.
Begin: Running /scripts/init-bottom ... done.
[    4.618358] ip_tables: (C) 2000-2006 Netfilter Core Team
[    4.628499] systemd[1]: systemd 237 running in system mode. (+PAM +AUDIT +SELINUX +IMA +APPARMOR +SMACK +SYSVINIT +UTMP +LIBCRYPTSETUP +GCRYPT +GNUTLS +ACL +XZ +LZ4 +SECCOMP +BLKID +ELFUTILS +KMOD -IDN2 +IDN -PCRE2 default-hierarchy=hybrid)
[    4.634815] systemd[1]: Detected virtualization oracle.
[    4.636396] systemd[1]: Detected architecture x86-64.

Welcome to [1mUbuntu 18.04.6 LTS[0m!

[    4.643487] systemd[1]: Set hostname to <ubuntu>.
[    4.647808] systemd[1]: Initializing machine ID from random generator.
[    4.649765] systemd[1]: Installed transient /etc/machine-id file.
[    4.936442] systemd[1]: Started Forward Password Requests to Wall Directory Watch.
[[0;32m  OK  [0m] Started Forward Password Requests to Wall Directory Watch.
[    4.942199] systemd[1]: Created slice System Slice.
[[0;32m  OK  [0m] Created slice System Slice.
[    4.945139] systemd[1]: Listening on LVM2 metadata daemon socket.
[[0;32m  OK  [0m] Listening on LVM2 metadata daemon socket.
[    5.086547] systemd[1]: Listening on Journal Socket (/dev/log).
[[0;32m  OK  [0m] Listening on Journal Socket (/dev/log).
[[0;32m  OK  [0m] Created slice User and Session Slice.
[[0;32m  OK  [0m] Reached target Swap.
[[0;32m  OK  [0m] Reached target System Time Synchronized.
[[0;32m  OK  [0m] Set up automount Arbitrary Executab…rmats File System Automount Point.
[[0;32m  OK  [0m] Listening on Journal Socket.
         Mounting POSIX Message Queue File System...
         Starting Set the console keyboard layout...
[[0;32m  OK  [0m] Listening on Syslog Socket.
[[0;32m  OK  [0m] Listening on Journal Audit Socket.
         Starting Journal Service...
[[0;32m  OK  [0m] Reached target User and Group Name Lookups.
[[0;32m  OK  [0m] Created slice system-serial\x2dgetty.slice.
         Mounting Huge Pages File System...
         Starting Load Kernel Modules...
[[0;32m  OK  [0m] Listening on /dev/initctl Compatibility Named Pipe.
[[0;32m  OK  [0m] Listening on fsck to fsckd communication Socket.
         Starting Uncomplicated firewall...
         Starting File System Check on Root Device...
[[0;32m  OK  [0m] Listening on Network Service Netlink Socket.
         Mounting Kernel Debug File System...
[[0;32m  OK  [0m] Listening on udev Kernel Socket.
[[0;32m  OK  [0m] Listening on udev Control Socket.
         Starting udev Coldplug all Devices...
[[0;32m  OK  [0m] Listening on Device-mapper event daemon FIFOs.
         Starting Monitoring of LVM2 mirrors…ng dmeventd or progress polling...
         Starting Create list of required st…ce nodes for the current kernel...
[[0;32m  OK  [0m] Listening on LVM2 poll daemon socket.
[[0;32m  OK  [0m] Reached target Slices.
[[0;32m  OK  [0m] Started Journal Service.
[[0;32m  OK  [0m] Mounted POSIX Message Queue File System.
[[0;32m  OK  [0m] Mounted Huge Pages File System.
[[0;32m  OK  [0m] Mounted Kernel Debug File System.
[    6.424870] Loading iSCSI transport class v2.0-870.
[[0;32m  OK  [0m] Started Uncomplicated firewall.
[[0;32m  OK  [0m] Started File System Check Daemon to report status.
[[0;32m  OK  [0m] Started Create list of required sta…vice nodes for the current kernel.
         Starting Create Static Device Nodes in /dev...
[[0;32m  OK  [0m] Started LVM2 metadata daemon.
[    6.503691] iscsi: registered transport (tcp)
[[0;32m  OK  [0m] Started Set the console keyboard layout.
[[0;32m  OK  [0m] Started udev Coldplug all Devices.
[[0;32m  OK  [0m] Started Create Static Device Nodes in /dev.
[    6.569471] iscsi: registered transport (iser)
[[0;32m  OK  [0m] Started Load Kernel Modules.
         Mounting Kernel Configuration File System...
         Starting Apply Kernel Variables...
         Mounting FUSE Control File System...
[[0;32m  OK  [0m] Started File System Check on Root Device.
[[0;32m  OK  [0m] Mounted Kernel Configuration File System.
[[0;32m  OK  [0m] Started Monitoring of LVM2 mirrors,…sing dmeventd or progress polling.
[[0;32m  OK  [0m] Mounted FUSE Control File System.
         Starting Remount Root and Kernel File Systems...
[[0;32m  OK  [0m] Started Apply Kernel Variables.
[[0;32m  OK  [0m] Started Remount Root and Kernel File Systems.
         Starting Flush Journal to Persistent Storage...
         Starting Load/Save Random Seed...
         Starting udev Kernel Device Manager...
[[0;32m  OK  [0m] Reached target Local File Systems (Pre).
[[0;32m  OK  [0m] Reached target Local File Systems.
         Starting AppArmor initialization...
         Starting Commit a transient machine-id on disk...
         Starting Tell Plymouth To Write Out Runtime Data...
         Starting ebtables ruleset management...
         Starting Set console font and keymap...
[[0;32m  OK  [0m] Started Load/Save Random Seed.
[[0;32m  OK  [0m] Started udev Kernel Device Manager.
[[0;32m  OK  [0m] Started Dispatch Password Requests to Console Directory Watch.
[[0;32m  OK  [0m] Reached target Local Encrypted Volumes.
[[0;32m  OK  [0m] Started Tell Plymouth To Write Out Runtime Data.
[[0;32m  OK  [0m] Started Set console font and keymap.
[[0;32m  OK  [0m] Started Flush Journal to Persistent Storage.
         Starting Create Volatile Files and Directories...
[[0;32m  OK  [0m] Started Commit a transient machine-id on disk.
[[0;32m  OK  [0m] Started Create Volatile Files and Directories.
         Starting Update UTMP about System Boot/Shutdown...
[[0;32m  OK  [0m] Started Update UTMP about System Boot/Shutdown.
[[0;32m  OK  [0m] Started ebtables ruleset management.
[[0;32m  OK  [0m] Found device /dev/ttyS0.
[[0;32m  OK  [0m] Listening on Load/Save RF Kill Switch Status /dev/rfkill Watch.
[[0;32m  OK  [0m] Started AppArmor initialization.
         Starting Initial cloud-init job (pre-networking)...
         Starting Load AppArmor profiles managed internally by snapd...
[[0;32m  OK  [0m] Started Load AppArmor profiles managed internally by snapd.
[    8.965401] cloud-init[566]: Cloud-init v. 22.1-14-g2e17a0d6-0ubuntu1~18.04.3 running 'init-local' at Tue, 05 Apr 2022 13:01:26 +0000. Up 8.59 seconds.
[[0;32m  OK  [0m] Started Initial cloud-init job (pre-networking).
[[0;32m  OK  [0m] Reached target Network (Pre).
         Starting Network Service...
[[0;32m  OK  [0m] Started Network Service.
         Starting Wait for Network to be Configured...
         Starting Network Name Resolution...
[[0;32m  OK  [0m] Started Network Name Resolution.
[[0;32m  OK  [0m] Reached target Host and Network Name Lookups.
[[0;32m  OK  [0m] Reached target Network.
[[0;32m  OK  [0m] Started Wait for Network to be Configured.
         Starting Initial cloud-init job (metadata service crawler)...
[   10.778908] cloud-init[708]: Cloud-init v. 22.1-14-g2e17a0d6-0ubuntu1~18.04.3 running 'init' at Tue, 05 Apr 2022 13:01:28 +0000. Up 10.56 seconds.
[   10.792283] cloud-init[708]: ci-info: ++++++++++++++++++++++++++++++++++++++Net device info++++++++++++++++++++++++++++++++++++++
[   10.794149] cloud-init[708]: ci-info: +--------+------+----------------------------+---------------+--------+-------------------+
[   10.796729] cloud-init[708]: ci-info: | Device |  Up  |          Address           |      Mask     | Scope  |     Hw-Address    |
[   10.808272] cloud-init[708]: ci-info: +--------+------+----------------------------+---------------+--------+-------------------+
[   10.810489] cloud-init[708]: ci-info: | enp0s3 | True |         10.0.2.15          | 255.255.255.0 | global | 02:27:94:89:a7:22 |
[   10.812732] cloud-init[708]: ci-info: | enp0s3 | True | fe80::27:94ff:fe89:a722/64 |       .       |  link  | 02:27:94:89:a7:22 |
[   10.815002] cloud-init[708]: ci-info: |   lo   | True |         127.0.0.1          |   255.0.0.0   |  host  |         .         |
[   10.817738] cloud-init[708]: ci-info: |   lo   | True |          ::1/128           |       .       |  host  |         .         |
[   10.832246] cloud-init[708]: ci-info: +--------+------+----------------------------+---------------+--------+-------------------+
[   10.834897] cloud-init[708]: ci-info: ++++++++++++++++++++++++++++Route IPv4 info+++++++++++++++++++++++++++++
[   10.837335] cloud-init[708]: ci-info: +-------+-------------+----------+-----------------+-----------+-------+
[   10.839538] cloud-init[708]: ci-info: | Route | Destination | Gateway  |     Genmask     | Interface | Flags |
[   10.841866] cloud-init[708]: ci-info: +-------+-------------+----------+-----------------+-----------+-------+
[   10.844127] cloud-init[708]: ci-info: |   0   |   0.0.0.0   | 10.0.2.2 |     0.0.0.0     |   enp0s3  |   UG  |
[   10.846300] cloud-init[708]: ci-info: |   1   |   10.0.2.0  | 0.0.0.0  |  255.255.255.0  |   enp0s3  |   U   |
[   10.848471] cloud-init[708]: ci-info: |   2   |   10.0.2.2  | 0.0.0.0  | 255.255.255.255 |   enp0s3  |   UH  |
[   10.861620] cloud-init[708]: ci-info: +-------+-------------+----------+-----------------+-----------+-------+
[   10.873129] cloud-init[708]: ci-info: +++++++++++++++++++Route IPv6 info+++++++++++++++++++
[   10.874674] cloud-init[708]: ci-info: +-------+-------------+---------+-----------+-------+
[   10.876416] cloud-init[708]: ci-info: | Route | Destination | Gateway | Interface | Flags |
[   10.878228] cloud-init[708]: ci-info: +-------+-------------+---------+-----------+-------+
[   10.888380] cloud-init[708]: ci-info: |   1   |  fe80::/64  |    ::   |   enp0s3  |   U   |
[   10.890524] cloud-init[708]: ci-info: |   3   |    local    |    ::   |   enp0s3  |   U   |
[   10.900281] cloud-init[708]: ci-info: |   4   |   ff00::/8  |    ::   |   enp0s3  |   U   |
[   10.901980] cloud-init[708]: ci-info: +-------+-------------+---------+-----------+-------+
[   11.550478] cloud-init[708]: Generating public/private rsa key pair.
[   11.552138] cloud-init[708]: Your identification has been saved in /etc/ssh/ssh_host_rsa_key.
[   11.554126] cloud-init[708]: Your public key has been saved in /etc/ssh/ssh_host_rsa_key.pub.
[   11.556173] cloud-init[708]: The key fingerprint is:
[   11.557393] cloud-init[708]: SHA256:yytwogpu+mTLm5gheLkEVpYcpupmCjvKfIDcfWA7+dQ root@ubuntu-bionic
[   11.558614] cloud-init[708]: The key's randomart image is:
[   11.559938] cloud-init[708]: +---[RSA 2048]----+
[   11.561046] cloud-init[708]: |   o             |
[   11.562111] cloud-init[708]: |  + o            |
[   11.563159] cloud-init[708]: | . =             |
[   11.564242] cloud-init[708]: |. o  o           |
[   11.565357] cloud-init[708]: |=.. o + S        |
[   11.566510] cloud-init[708]: |=+ oo=.+ E       |
[   11.567596] cloud-init[708]: |*+B. += o        |
[   11.568735] cloud-init[708]: |%%.=  .. .       |
[   11.569892] cloud-init[708]: |%BO.   ..        |
[   11.570952] cloud-init[708]: +----[SHA256]-----+
[   11.572372] cloud-init[708]: Generating public/private dsa key pair.
[   11.573935] cloud-init[708]: Your identification has been saved in /etc/ssh/ssh_host_dsa_key.
[   11.575668] cloud-init[708]: Your public key has been saved in /etc/ssh/ssh_host_dsa_key.pub.
[   11.577451] cloud-init[708]: The key fingerprint is:
[   11.578677] cloud-init[708]: SHA256:hW9LTTlOkO5GVk97FxVw1ThHsEJfG5vqLalMM7NxPug root@ubuntu-bionic
[   11.580623] cloud-init[708]: The key's randomart image is:
[   11.581876] cloud-init[708]: +---[DSA 1024]----+
[   11.582668] cloud-init[708]: |          ....oBX|
[   11.583853] cloud-init[708]: |         ..o.o=+B|
[   11.585039] cloud-init[708]: |        ....*ooB.|
[   11.596262] cloud-init[708]: |         o+= o+ o|
[   11.608292] cloud-init[708]: |        S++ o. ..|
[   11.609498] cloud-init[708]: |         oo.. o  |
[   11.610590] cloud-init[708]: |         ..*.= . |
[   11.611773] cloud-init[708]: |          o.X..  |
[[0;32m  OK  [0m] Started Initial cloud-init job (metadata service crawler).
[   11.629679] cloud-init[[0;32m  OK  [0m] Reached target Cloud-config availability.
[[0;32m  OK  [0m] Reached target System Initialization.
[[0;32m  OK  [0m] Started Daily apt download activities.
[[0;32m  OK  [0m] Listening on cloud-init hotplug hook socket.
[[0;32m  OK  [0m] Started Trigger to poll for Ubuntu …(Only enabled on GCP LTS non-pro).
         Starting LXD - unix socket.
[[0;32m  OK  [0m] Started Ubuntu Advantage Timer for running repeated jobs.
[[0;32m  OK  [0m] Started Discard unused blocks once a week.
[708]: |          .E ..  |
[   11.643436] cloud-init[708]: [[0;32m  OK  [0m] Listening on D-Bus System Message Bus Socket.
[[0;32m  OK  [0m] Started Message of the Day.
[[0;32m  OK  [0m] Started Daily Cleanup of Temporary Directories.
[[0;32m  OK  [0m] Listening on UUID daemon activation socket.
[[0;32m  OK  [0m] Listening on Open-iSCSI iscsid Socket.
         Starting Socket activation for snappy daemon.
[[0;32m  OK  [0m] Started ACPI Events Check.
[[0;32m  OK  [0m] Listening on ACPID Listen Socket.
[[0;32m  OK  [0m] Started Daily apt upgrade and clean activities.
[[0;32m  OK  [0m] Reached target Timers.
[[0;32m  OK  [0m] Reached target Paths.
[[0;32m  OK  [0m] Reached target Network is Online.
+----[SHA256]-----+
[   11.656280] cloud-init[708]: Generating public/private ecdsa key pair.[[0;32m  OK  [0m] Reached target Remote File Systems (Pre).
[[0;32m  OK  [0m] Reached target Remote File Systems.

         Starting Availability of block devices...
[[0;32m  OK  [0m] Listening on LXD - unix socket.
[[0;32m  OK  [0m] Listening on Socket activation for snappy daemon.
[[0;32m  OK  [0m] Reached target Sockets.
[[0;32m  OK  [0m] Reached target Basic System.
[   11.660833] [[0;32m  OK  [0m] Started Regular background program processing daemon.
[[0;32m  OK  [0m] Started Deferred execution scheduler.
cloud-init[708]: Your identification has been saved in /etc/ssh/ssh_host_ecdsa_key.
[   11.676335] cloud-init[708]: Your public key has been saved in /etc/ssh/ssh_host_ecdsa_key.pub.
[   11.692491] cloud-init[708]: The key fingerprint is:
[   11.692579] cloud-init[708]: SHA256:GGLMCRxGBH+k/bjXH4eCZ3gGk7GTTb2wntzQ7VN3hbg root@ubuntu-bionic
[   11.692781] cloud-init[708]: The key's randomart image is:
[[0;32m  OK  [0m] Started FUSE filesystem for LXC.
[   11.692842] cloud-init[708]: +---[ECDSA 256]---+
         [   11.708252] cloud-init[708]: |.=*..            |
Starting Login Service...
[   11.708517] cloud-init[708]: | o.B .   .   . . |
[   11.709913] cloud-init[708]: |  o O o o . . . .|
[   11.710444] cloud-init[708]: |   o + X + o .  .|
[[   11.720356] cloud-init[708]: |    . X S o E . o|
[   11.720510] cloud-init[708]: |     . X + o . ..|
[   11.720848] cloud-init[708]: |    . + @ + +    |
[0;32m  OK  [0m] Started D-Bus System Message Bus.
[   11.721117] cloud-init[708]: |     . = o o .   |
[   11.736457] cloud-init[708]: |          .      |
[   11.737661] cloud-init[708]: +----[SHA256]-----+
[   11.748288] cloud-init[708]: Generating public/private ed25519 key pair.
[   11.760426] cloud-init[708]: Your identification has been saved in /etc/ssh/ssh_host_ed25519_key.
[   11.762421] cloud-init[708]: Your public key has been saved in /etc/ssh/ssh_host_ed25519_key.pub.
[   11.764577] cloud-init[708]: The key fingerprint is:
[   11.766097] cloud-init[708]: SHA256:XWZL9qimI+8E7pnv5ysWTnnoc05HvaFPbX0+X4l10MA root@ubuntu-bionic
[   11.768306] cloud-init[708]: The key's randomart image is:
[   11.769655] cloud-init[708]: +--[ED25519 256]--+
[   11.770761] cloud-init[708]: |             ..  |
[   11.771942] cloud-init[708]: |              Eo |
[   11.773139] cloud-init[708]: |            * . .|
[   11.774311] cloud-init[708]: |         . * = . |
[   11.775510] cloud-init[708]: |      . So. + +..|
[   11.776666] cloud-init[708]: |     . .= .o .o++|
[   11.777809] cloud-init[708]: |      .+.o+ o.o.*|
[   11.778998] cloud-init[708]: |     ..+B+o. o +o|
[   11.781908] cloud-init[708]: |      +B*O+.  . =|
[   11.783087] cloud-init[708]: +----[SHA256]-----+
         Starting Pollinate to seed the pseudo random number generator...
         Starting Dispatcher daemon for systemd-networkd...
         Starting Virtualbox guest utils...
[[0;32m  OK  [0m] Started irqbalance daemon.
         Starting Snap Daemon...
         Starting Permit User Sessions...
         Starting LSB: automatic crash report generation...
         Starting LSB: Record successful boot for GRUB...
         Starting Accounts Service...
         Starting System Logging Service...
         Starting LXD - container startup/shutdown...
[[0;32m  OK  [0m] Started Availability of block devices.
[[0;32m  OK  [0m] Started Login Service.
[[0;32m  OK  [0m] Started Unattended Upgrades Shutdown.
[[0;32m  OK  [0m] Started Permit User Sessions.
         Starting Hold until boot process finishes up...
         Starting Terminate Plymouth Boot Screen...
[[0;32m  OK  [0m] Started Hold until boot process finishes up.
[[0;32m  OK  [0m] Started Terminate Plymouth Boot Screen.
         Starting Set console scheme...
[[0;32m  OK  [0m] Started Serial Getty on ttyS0.
[[0;32m  OK  [0m] Started System Logging Service.
[[0;32m  OK  [0m] Started Set console scheme.
[[0;32m  OK  [0m] Created slice system-getty.slice.
[[0;32m  OK  [0m] Started Getty on tty1.
[[0;32m  OK  [0m] Reached target Login Prompts.
[[0;32m  OK  [0m] Started LSB: automatic crash report generation.
[[0;32m  OK  [0m] Started LSB: Record successful boot for GRUB.
[[0;32m  OK  [0m] Started Virtualbox guest utils.
         Starting Authorization Manager...
[[0;32m  OK  [0m] Started Authorization Manager.
[[0;32m  OK  [0m] Started Accounts Service.
[[0;32m  OK  [0m] Started LXD - container startup/shutdown.
[[0;32m  OK  [0m] Started Dispatcher daemon for systemd-networkd.
[[0;32m  OK  [0m] Started Snap Daemon.
         Starting Wait until snapd is fully seeded...
         Starting Time & Date Service...
[[0;32m  OK  [0m] Started Time & Date Service.
[[0;32m  OK  [0m] Started Wait until snapd is fully seeded.
         Starting Apply the settings specified in cloud-config...
[[0;32m  OK  [0m] Started Pollinate to seed the pseudo random number generator.
         Starting OpenBSD Secure Shell server...
[[0;32m  OK  [0m] Started OpenBSD Secure Shell server.
[[0;32m  OK  [0m] Reached target Multi-User System.
[[0;32m  OK  [0m] Reached target Graphical Interface.
         Starting Update UTMP about System Runlevel Changes...
[[0;32m  OK  [0m] Started Update UTMP about System Runlevel Changes.
[[0;32m  OK  [0m] Created slice User Slice of vagrant.
         Starting User Manager for UID 1000...
[[0;32m  OK  [0m] Started Session 1 of user vagrant.
[[0;32m  OK  [0m] Started User Manager for UID 1000.
[   15.553471] cloud-init[1174]: Cloud-init v. 22.1-14-g2e17a0d6-0ubuntu1~18.04.3 running 'modules:config' at Tue, 05 Apr 2022 13:01:32 +0000. Up 14.90 seconds.
[[0;32m  OK  [0m] Started Apply the settings specified in cloud-config.
         Starting Execute cloud user/final scripts...
ci-info: no authorized SSH keys fingerprints found for user ubuntu.
<14>Apr  5 13:01:33 cloud-init: #############################################################
<14>Apr  5 13:01:33 cloud-init: -----BEGIN SSH HOST KEY FINGERPRINTS-----
<14>Apr  5 13:01:33 cloud-init: 1024 SHA256:hW9LTTlOkO5GVk97FxVw1ThHsEJfG5vqLalMM7NxPug root@ubuntu-bionic (DSA)
<14>Apr  5 13:01:33 cloud-init: 256 SHA256:GGLMCRxGBH+k/bjXH4eCZ3gGk7GTTb2wntzQ7VN3hbg root@ubuntu-bionic (ECDSA)
<14>Apr  5 13:01:33 cloud-init: 256 SHA256:XWZL9qimI+8E7pnv5ysWTnnoc05HvaFPbX0+X4l10MA root@ubuntu-bionic (ED25519)
<14>Apr  5 13:01:33 cloud-init: 2048 SHA256:yytwogpu+mTLm5gheLkEVpYcpupmCjvKfIDcfWA7+dQ root@ubuntu-bionic (RSA)
<14>Apr  5 13:01:33 cloud-init: -----END SSH HOST KEY FINGERPRINTS-----
<14>Apr  5 13:01:33 cloud-init: #############################################################
-----BEGIN SSH HOST KEY KEYS-----
ecdsa-sha2-nistp256 AAAAE2VjZHNhLXNoYTItbmlzdHAyNTYAAAAIbmlzdHAyNTYAAABBBDXroDnIUg//w4NQ5W9ljxgNV8Eq146UealhMTqE4zSqa3YIqWY2k1ykTZzVQxcpw2MgFKcIZIp78JAPVXWKbTA= root@ubuntu-bionic
ssh-ed25519 AAAAC3NzaC1lZDI1NTE5AAAAIN/CEoPP9xJrOprN5JuPFOgGH+mPRr8es/vA3x1sB+uO root@ubuntu-bionic
ssh-rsa AAAAB3NzaC1yc2EAAAADAQABAAABAQCdfCH+uL7KmX4oEiRUgqT9QaA6pW2gKM/vAJCzCx53CFoN9dzIZsa1KIUx3WIfrIjnU3tDFSxQIRGY7PcDoZFIl6itVxOEM7ONENeDMYP+5hCbV7bLYH6XTVvB9L7rk78dkMOR9XU5kTaLZXH/KEE/9EfiAcC3P+j1Gl1A3cgYCPctAMZf/0KjQ6xGsGwqjtoBktiPCc/EUuV/wTp+uOEdovbzAklNl9lyOvWID6EPHBZvEoA+OnvZxicOKsywUJz7nTuWtSv+YQM2FNMRgsZfV4tczqyUgpoTbMApMvRFI9mU+tnXQ0L1L34B2dTq8GFh/ubCIJdhjq9aINkZebuv root@ubuntu-bionic
-----END SSH HOST KEY KEYS-----
[   16.445349] cloud-init[1327]: Cloud-init v. 22.1-14-g2e17a0d6-0ubuntu1~18.04.3 running 'modules:final' at Tue, 05 Apr 2022 13:01:33 +0000. Up 16.11 seconds.
[   16.448799] cloud-init[1327]: Cloud-init v. 22.1-14-g2e17a0d6-0ubuntu1~18.04.3 finished at Tue, 05 Apr 2022 13:01:33 +0000. Datasource DataSourceNoCloud [seed=/dev/sdb][dsmode=net].  Up 16.43 seconds
[[0;32m  OK  [0m] Started Execute cloud user/final scripts.
[[0;32m  OK  [0m] Reached target Cloud-init target.

Ubuntu 18.04.6 LTS ubuntu-bionic ttyS0

ubuntu-bionic login: 